*** Using Compiler 'V5.06 update 7 (build 960)', folder: 'E:\MDK\ARM\ARMCC\Bin'
*** Warning: You are compiling one or more files of source type C++ and have selected 'use MicroLIB'. MicroLIB does not support C++!
  
Build target 'NEU_Group05_Task'
compiling bp_service.c...
compiling algorithm.c...
compiling main.c...
../Core/Src/main.c(69): warning:  #177-D: function "SDRAM_FrameBufferSelfTest"  was declared but never referenced
  static uint8_t SDRAM_FrameBufferSelfTest(void)
../Core/Src/main.c(91): warning:  #177-D: function "LCD_ClearFrameBuffer"  was declared but never referenced
  static void LCD_ClearFrameBuffer(uint16_t color)
../Core/Src/main.c(102): warning:  #177-D: function "Print_ResetCause"  was declared but never referenced
  static void Print_ResetCause(void)
../Core/Src/main.c: 3 warnings, 0 errors
compiling freertos.c...
../Core/Src/freertos.c(78): warning:  #177-D: variable "Group05_KEYLED1_attributes"  was declared but never referenced
  static const osThreadAttr_t Group05_KEYLED1_attributes = {
../Core/Src/freertos.c(84): warning:  #177-D: variable "Group05_KEY0_attributes"  was declared but never referenced
  static const osThreadAttr_t Group05_KEY0_attributes = {
../Core/Src/freertos.c(90): warning:  #177-D: variable "Group05_KEY2_attributes"  was declared but never referenced
  static const osThreadAttr_t Group05_KEY2_attributes = {
../Core/Src/freertos.c(96): warning:  #177-D: variable "Group05_MPS20_attributes"  was declared but never referenced
  static const osThreadAttr_t Group05_MPS20_attributes = {
../Core/Src/freertos.c(102): warning:  #177-D: variable "Group05_MAX301_attributes"  was declared but never referenced
  static const osThreadAttr_t Group05_MAX301_attributes = {
../Core/Src/freertos.c(333): warning:  #177-D: function "Group05_TaskKEYLED1"  was declared but never referenced
  static void Group05_TaskKEYLED1(void *argument)
../Core/Src/freertos.c(355): warning:  #177-D: function "Group05_TaskKEY0"  was declared but never referenced
  static void Group05_TaskKEY0(void *argument)
../Core/Src/freertos.c(388): warning:  #177-D: function "Group05_TaskKEY2"  was declared but never referenced
  static void Group05_TaskKEY2(void *argument)
../Core/Src/freertos.c(424): warning:  #177-D: function "Group05_TaskMPS20"  was declared but never referenced
  static void Group05_TaskMPS20(void *argument)
../Core/Src/freertos.c(445): warning:  #177-D: function "Group05_TaskMAX301"  was declared but never referenced
  static void Group05_TaskMAX301(void *argument)
../Core/Src/freertos.c: 10 warnings, 0 errors
compiling app_sensor_service.c...
linking...
Program Size: Code=165540 RO-data=821688 RW-data=736 ZI-data=45168  
FromELF: creating hex file...
"NEU_Group05_Task\NEU_Group05_Task.axf" - 0 Error(s), 13 Warning(s).
Build Time Elapsed:  00:00:07
